<?xml version="1.0" encoding="UTF-8"?>
<!-- Generated by org.testng.reporters.JUnitReportReporter -->
<testsuite skipped="0" hostname="johnsonk-w81" name="OpenBrowsers" tests="3" failures="0" timestamp="08 Jan 2019 10:39:47 GMT" time="19.275" errors="0">
  <testcase name="OpenJSONviewer" time="2.785" classname="OpenBrowsers"/>
  <testcase name="OpenairtelCare" time="8.201" classname="OpenBrowsers"/>
  <testcase name="OpenMavenRepo" time="8.289" classname="OpenBrowsers"/>
</testsuite> <!-- OpenBrowsers -->
